2024-12-26 16:03:20,227 - INFO - Initializing Logic Library structure...
2024-12-26 16:03:22,731 - INFO - Logic Library structure initialized successfully
2024-12-26 16:03:22,732 - INFO - Processing article: https://plato.stanford.edu/entries/logic-classical/
2024-12-26 16:03:22,732 - INFO - Fetching new content...
2024-12-26 16:03:23,217 - ERROR - Failed to get content
2024-12-26 16:03:25,219 - INFO - Processing article: https://plato.stanford.edu/entries/logic-modal/
2024-12-26 16:03:25,219 - INFO - Fetching new content...
2024-12-26 16:03:25,540 - ERROR - Failed to get content
2024-12-26 16:03:27,541 - INFO - Processing article: https://plato.stanford.edu/entries/logic-temporal/
2024-12-26 16:03:27,541 - INFO - Fetching new content...
2024-12-26 16:03:28,055 - ERROR - Failed to get content
2024-12-26 16:03:30,055 - INFO - Processing article: https://plato.stanford.edu/entries/proof-theory/
2024-12-26 16:03:30,055 - INFO - Fetching new content...
2024-12-26 16:03:30,556 - ERROR - Failed to get content
2024-12-26 16:03:32,557 - INFO - Processing article: https://plato.stanford.edu/entries/first-order-logic/
2024-12-26 16:03:32,557 - INFO - Fetching new content...
2024-12-26 16:03:32,766 - ERROR - Content fetch failed: 404 Client Error: Not Found for url: https://plato.stanford.edu/entries/first-order-logic/
2024-12-26 16:03:32,766 - ERROR - Failed to get content
2024-12-26 16:03:34,767 - INFO - Processing article: https://plato.stanford.edu/entries/logic-consequence/
2024-12-26 16:03:34,767 - INFO - Fetching new content...
2024-12-26 16:03:34,961 - ERROR - Content fetch failed: 404 Client Error: Not Found for url: https://plato.stanford.edu/entries/logic-consequence/
2024-12-26 16:03:34,961 - ERROR - Failed to get content
